<?xml version="1.0" encoding="UTF-8"?>
<!-- Generated by org.testng.reporters.JUnitReportReporter -->
<testsuite skipped="0" hostname="DESKTOP-EIA7PG3" name="com.elearning.functional.CourseDesc" tests="3" failures="0" timestamp="25 Jan 2019 11:37:57 GMT" time="38.573" errors="0">
  <testcase name="setUp" time="9.987" classname="com.elearning.functional.CourseDesc"/>
  <testcase name="validLoginTest" time="4.484" classname="com.elearning.functional.CourseDesc"/>
  <testcase name="createCourseDescTest" time="24.102" classname="com.elearning.functional.CourseDesc"/>
</testsuite> <!-- com.elearning.functional.CourseDesc -->
