<?xml version="1.0" encoding="UTF-8"?>
<!-- Generated by org.testng.reporters.JUnitReportReporter -->
<testsuite skipped="0" hostname="DESKTOP-EIA7PG3" name="com.elearning.functional.TC67AddUserTest" tests="7" failures="0" timestamp="17 Feb 2019 07:26:15 GMT" time="51.737" errors="0">
  <testcase name="setUp" time="9.242" classname="com.elearning.functional.TC67AddUserTest"/>
  <testcase name="loginTest" time="3.569" classname="com.elearning.functional.TC67AddUserTest"/>
  <testcase name="addNewUserTest" time="11.370" classname="com.elearning.functional.TC67AddUserTest"/>
  <testcase name="addNewUserTest" time="8.766" classname="com.elearning.functional.TC67AddUserTest"/>
  <testcase name="addNewUserTest" time="9.066" classname="com.elearning.functional.TC67AddUserTest"/>
  <testcase name="addNewUserTest" time="9.695" classname="com.elearning.functional.TC67AddUserTest"/>
  <testcase name="AssertnewUsercreationTest" time="0.029" classname="com.elearning.functional.TC67AddUserTest"/>
</testsuite> <!-- com.elearning.functional.TC67AddUserTest -->
