<?xml version="1.0" encoding="UTF-8"?>
<!-- Generated by org.testng.reporters.JUnitReportReporter -->
<testsuite skipped="0" hostname="DESKTOP-EIA7PG3" name="com.elearning.functional.TC68GetUserDetails" tests="3" failures="0" timestamp="17 Feb 2019 05:57:30 GMT" time="24.925" errors="0">
  <testcase name="setUp" time="9.600" classname="com.elearning.functional.TC68GetUserDetails"/>
  <testcase name="validLoginTest" time="4.677" classname="com.elearning.functional.TC68GetUserDetails"/>
  <testcase name="adduserDBTest" time="10.648" classname="com.elearning.functional.TC68GetUserDetails"/>
</testsuite> <!-- com.elearning.functional.TC68GetUserDetails -->
