<?xml version="1.0" encoding="UTF-8"?>
<!-- Generated by org.testng.reporters.JUnitReportReporter -->
<testsuite skipped="0" hostname="DESKTOP-EIA7PG3" name="com.elearning.functional.LoginTest" tests="3" failures="0" timestamp="22 Jan 2019 13:45:14 GMT" time="12.960" errors="0">
  <testcase name="setUp" time="8.866" classname="com.elearning.functional.LoginTest"/>
  <testcase name="validLoginTest" time="3.559" classname="com.elearning.functional.LoginTest"/>
  <testcase name="CheckpageTest" time="0.535" classname="com.elearning.functional.LoginTest"/>
</testsuite> <!-- com.elearning.functional.LoginTest -->
