<?xml version="1.0" encoding="UTF-8"?>
<!-- Generated by org.testng.reporters.JUnitReportReporter -->
<testsuite skipped="0" hostname="DESKTOP-EIA7PG3" name="com.elearning.functional.CoursesList" tests="3" failures="0" timestamp="25 Jan 2019 11:44:23 GMT" time="33.141" errors="0">
  <testcase name="setUp" time="10.870" classname="com.elearning.functional.CoursesList"/>
  <testcase name="validLoginTest" time="6.331" classname="com.elearning.functional.CoursesList"/>
  <testcase name="createCourseListTest" time="15.940" classname="com.elearning.functional.CoursesList"/>
</testsuite> <!-- com.elearning.functional.CoursesList -->
