<?xml version="1.0" encoding="UTF-8"?>
<!-- Generated by org.testng.reporters.JUnitReportReporter -->
<testsuite skipped="0" hostname="DESKTOP-EIA7PG3" name="com.elearning.functional.TC38CreateGroupTest" tests="5" failures="0" timestamp="04 Feb 2019 07:19:50 GMT" time="80.892" errors="0">
  <testcase name="setUp" time="14.294" classname="com.elearning.functional.TC38CreateGroupTest"/>
  <testcase name="CreateGroupTest" time="40.829" classname="com.elearning.functional.TC38CreateGroupTest"/>
  <testcase name="CreateNewGroupTest" time="7.469" classname="com.elearning.functional.TC38CreateGroupTest"/>
  <testcase name="SelectGroupmemberTest" time="10.812" classname="com.elearning.functional.TC38CreateGroupTest"/>
  <testcase name="EditGroupTest" time="7.488" classname="com.elearning.functional.TC38CreateGroupTest"/>
</testsuite> <!-- com.elearning.functional.TC38CreateGroupTest -->
