<?xml version="1.0" encoding="UTF-8"?>
<!-- Generated by org.testng.reporters.JUnitReportReporter -->
<testsuite skipped="0" hostname="DESKTOP-EIA7PG3" name="com.elearning.functional.TC36ReportSendTest" tests="6" failures="0" timestamp="04 Feb 2019 13:12:39 GMT" time="43.570" errors="0">
  <testcase name="setUp" time="8.336" classname="com.elearning.functional.TC36ReportSendTest"/>
  <testcase name="ReportCorrectTest" time="10.896" classname="com.elearning.functional.TC36ReportSendTest"/>
  <testcase name="ProcessTest" time="6.531" classname="com.elearning.functional.TC36ReportSendTest"/>
  <testcase name="SendEmailTest" time="14.926" classname="com.elearning.functional.TC36ReportSendTest"/>
  <testcase name="AssertTest" time="0.066" classname="com.elearning.functional.TC36ReportSendTest"/>
  <testcase name="Clickcourselink" time="2.815" classname="com.elearning.functional.TC36ReportSendTest"/>
</testsuite> <!-- com.elearning.functional.TC36ReportSendTest -->
