<?xml version="1.0" encoding="UTF-8"?>
<!-- Generated by org.testng.reporters.JUnitReportReporter -->
<testsuite skipped="0" hostname="DESKTOP-EIA7PG3" name="com.elearning.functional.LoginTest" tests="3" failures="0" timestamp="28 Jan 2019 06:33:38 GMT" time="13.266" errors="0">
  <testcase name="setUp" time="9.006" classname="com.elearning.functional.LoginTest"/>
  <testcase name="validLoginTest" time="3.738" classname="com.elearning.functional.LoginTest"/>
  <testcase name="CheckpageTest" time="0.522" classname="com.elearning.functional.LoginTest"/>
</testsuite> <!-- com.elearning.functional.LoginTest -->
