<?xml version="1.0" encoding="UTF-8"?>
<!-- Generated by org.testng.reporters.JUnitReportReporter -->
<testsuite skipped="0" hostname="DESKTOP-EIA7PG3" name="com.elearning.functional.CourseDesc" tests="3" failures="0" timestamp="24 Jan 2019 09:52:20 GMT" time="34.774" errors="0">
  <testcase name="setUp" time="8.788" classname="com.elearning.functional.CourseDesc"/>
  <testcase name="validLoginTest" time="4.742" classname="com.elearning.functional.CourseDesc"/>
  <testcase name="createCourseDescTest" time="21.244" classname="com.elearning.functional.CourseDesc"/>
</testsuite> <!-- com.elearning.functional.CourseDesc -->
