<?xml version="1.0" encoding="UTF-8"?>
<!-- Generated by org.testng.reporters.JUnitReportReporter -->
<testsuite skipped="0" hostname="DESKTOP-EIA7PG3" name="com.elearning.functional.TC68GetUserDetails" tests="3" failures="0" timestamp="14 Feb 2019 10:53:25 GMT" time="29.929" errors="0">
  <testcase name="setUp" time="12.089" classname="com.elearning.functional.TC68GetUserDetails"/>
  <testcase name="validLoginTest" time="4.260" classname="com.elearning.functional.TC68GetUserDetails"/>
  <testcase name="adduserDBTest" time="13.580" classname="com.elearning.functional.TC68GetUserDetails"/>
</testsuite> <!-- com.elearning.functional.TC68GetUserDetails -->
