<?xml version="1.0" encoding="UTF-8"?>
<!-- Generated by org.testng.reporters.JUnitReportReporter -->
<testsuite skipped="0" hostname="DESKTOP-EIA7PG3" name="com.elearning.functional.TC69AddUserNegativeTest" tests="7" failures="0" timestamp="17 Feb 2019 08:35:14 GMT" time="49.141" errors="0">
  <testcase name="setUp" time="9.565" classname="com.elearning.functional.TC69AddUserNegativeTest"/>
  <testcase name="loginTest" time="4.689" classname="com.elearning.functional.TC69AddUserNegativeTest"/>
  <testcase name="addNewUserTest" time="8.875" classname="com.elearning.functional.TC69AddUserNegativeTest"/>
  <testcase name="addNewUserTest" time="7.820" classname="com.elearning.functional.TC69AddUserNegativeTest"/>
  <testcase name="addNewUserTest" time="7.954" classname="com.elearning.functional.TC69AddUserNegativeTest"/>
  <testcase name="addNewUserTest" time="10.237" classname="com.elearning.functional.TC69AddUserNegativeTest"/>
  <testcase name="AssertnewUsercreationTest" time="0.001" classname="com.elearning.functional.TC69AddUserNegativeTest"/>
</testsuite> <!-- com.elearning.functional.TC69AddUserNegativeTest -->
