<?xml version="1.0" encoding="UTF-8"?>
<!-- Generated by org.testng.reporters.JUnitReportReporter -->
<testsuite skipped="0" hostname="DESKTOP-EIA7PG3" name="com.elearning.functional.TC38CreateGroupTest" tests="5" failures="0" timestamp="06 Feb 2019 12:43:53 GMT" time="30.973" errors="0">
  <testcase name="setUp" time="8.354" classname="com.elearning.functional.TC38CreateGroupTest"/>
  <testcase name="CreateGroupTest" time="13.580" classname="com.elearning.functional.TC38CreateGroupTest"/>
  <testcase name="CreateNewGroupTest" time="2.173" classname="com.elearning.functional.TC38CreateGroupTest"/>
  <testcase name="SelectGroupmemberTest" time="3.438" classname="com.elearning.functional.TC38CreateGroupTest"/>
  <testcase name="EditGroupTest" time="3.428" classname="com.elearning.functional.TC38CreateGroupTest"/>
</testsuite> <!-- com.elearning.functional.TC38CreateGroupTest -->
