<?xml version="1.0" encoding="UTF-8"?>
<!-- Generated by org.testng.reporters.JUnitReportReporter -->
<testsuite skipped="0" hostname="DESKTOP-EIA7PG3" name="com.elearning.functional.TC38CreateGroupTest" tests="5" failures="0" timestamp="30 Jan 2019 11:04:06 GMT" time="47.210" errors="0">
  <testcase name="setUp" time="10.472" classname="com.elearning.functional.TC38CreateGroupTest"/>
  <testcase name="CreateGroupTest" time="20.964" classname="com.elearning.functional.TC38CreateGroupTest"/>
  <testcase name="CreateNewGroupTest" time="3.813" classname="com.elearning.functional.TC38CreateGroupTest"/>
  <testcase name="SelectGroupmemberTest" time="4.992" classname="com.elearning.functional.TC38CreateGroupTest"/>
  <testcase name="EditGroupTest" time="6.969" classname="com.elearning.functional.TC38CreateGroupTest"/>
</testsuite> <!-- com.elearning.functional.TC38CreateGroupTest -->
