<?xml version="1.0" encoding="UTF-8"?>
<!-- Generated by org.testng.reporters.JUnitReportReporter -->
<testsuite skipped="0" hostname="DESKTOP-EIA7PG3" name="com.elearning.functional.TC40CreateProjectTest" tests="8" failures="0" timestamp="06 Feb 2019 10:01:04 GMT" time="58.150" errors="0">
  <testcase name="setUp" time="8.674" classname="com.elearning.functional.TC40CreateProjectTest"/>
  <testcase name="loginTest" time="5.285" classname="com.elearning.functional.TC40CreateProjectTest"/>
  <testcase name="createNewProjectTest" time="16.479" classname="com.elearning.functional.TC40CreateProjectTest"/>
  <testcase name="createNewTaskTest" time="7.101" classname="com.elearning.functional.TC40CreateProjectTest"/>
  <testcase name="createNewRoleTest" time="7.446" classname="com.elearning.functional.TC40CreateProjectTest"/>
  <testcase name="assignNewRoleTest" time="6.682" classname="com.elearning.functional.TC40CreateProjectTest"/>
  <testcase name="registerProjectUserTest" time="6.419" classname="com.elearning.functional.TC40CreateProjectTest"/>
  <testcase name="AssertUserregisterTest" time="0.064" classname="com.elearning.functional.TC40CreateProjectTest"/>
</testsuite> <!-- com.elearning.functional.TC40CreateProjectTest -->
