<?xml version="1.0" encoding="UTF-8"?>
<!-- Generated by org.testng.reporters.JUnitReportReporter -->
<testsuite skipped="0" hostname="DESKTOP-EIA7PG3" name="com.elearning.functional.TC39GenerateReportTest" tests="7" failures="0" timestamp="06 Feb 2019 12:42:44 GMT" time="32.919" errors="0">
  <testcase name="setUp" time="8.181" classname="com.elearning.functional.TC39GenerateReportTest"/>
  <testcase name="loginTest" time="8.885" classname="com.elearning.functional.TC39GenerateReportTest"/>
  <testcase name="ReporttabTest" time="6.188" classname="com.elearning.functional.TC39GenerateReportTest"/>
  <testcase name="RtclkStudentTest" time="1.721" classname="com.elearning.functional.TC39GenerateReportTest"/>
  <testcase name="RtclkDetailsTest" time="4.413" classname="com.elearning.functional.TC39GenerateReportTest"/>
  <testcase name="SendEmailTest" time="3.476" classname="com.elearning.functional.TC39GenerateReportTest"/>
  <testcase name="AssertTest" time="0.055" classname="com.elearning.functional.TC39GenerateReportTest"/>
</testsuite> <!-- com.elearning.functional.TC39GenerateReportTest -->
