<?xml version="1.0" encoding="UTF-8"?>
<!-- Generated by org.testng.reporters.JUnitReportReporter -->
<testsuite skipped="0" hostname="DESKTOP-EIA7PG3" name="com.elearning.functional.TC68GetUserDetails" tests="3" failures="0" timestamp="13 Feb 2019 08:21:39 GMT" time="30.138" errors="0">
  <testcase name="setUp" time="12.209" classname="com.elearning.functional.TC68GetUserDetails"/>
  <testcase name="validLoginTest" time="4.582" classname="com.elearning.functional.TC68GetUserDetails"/>
  <testcase name="adduserDBTest" time="13.347" classname="com.elearning.functional.TC68GetUserDetails"/>
</testsuite> <!-- com.elearning.functional.TC68GetUserDetails -->
