<?xml version="1.0" encoding="UTF-8"?>
<!-- Generated by org.testng.reporters.JUnitReportReporter -->
<testsuite skipped="0" hostname="DESKTOP-EIA7PG3" name="com.elearning.functional.AddCourse" tests="3" failures="0" timestamp="24 Jan 2019 11:41:11 GMT" time="48.470" errors="0">
  <testcase name="setUp" time="10.115" classname="com.elearning.functional.AddCourse"/>
  <testcase name="validLoginTest" time="4.954" classname="com.elearning.functional.AddCourse"/>
  <testcase name="createCourseTest" time="33.401" classname="com.elearning.functional.AddCourse"/>
</testsuite> <!-- com.elearning.functional.AddCourse -->
