<?xml version="1.0" encoding="UTF-8"?>
<!-- Generated by org.testng.reporters.JUnitReportReporter -->
<testsuite skipped="0" hostname="DESKTOP-EIA7PG3" name="com.elearning.functional.UnSubscribe" tests="3" failures="0" timestamp="25 Jan 2019 11:43:05 GMT" time="30.572" errors="0">
  <testcase name="setUp" time="9.595" classname="com.elearning.functional.UnSubscribe"/>
  <testcase name="validLoginTest" time="4.357" classname="com.elearning.functional.UnSubscribe"/>
  <testcase name="createUnsubscribeTest" time="16.620" classname="com.elearning.functional.UnSubscribe"/>
</testsuite> <!-- com.elearning.functional.UnSubscribe -->
